<?xml version="1.0" encoding="UTF-8"?>
<testsuite name="com.example.closetory.ClosetoryApplicationTests" tests="1" skipped="0" failures="0" errors="0" timestamp="2025-11-28T03:39:39.832Z" hostname="DESKTOP-M2UC724" time="0.821">
  <properties/>
  <testcase name="contextLoads()" classname="com.example.closetory.ClosetoryApplicationTests" time="0.821"/>
  <system-out><![CDATA[12:39:37.623 [Test worker] INFO org.springframework.test.context.support.AnnotationConfigContextLoaderUtils -- Could not detect default configuration classes for test class [com.example.closetory.ClosetoryApplicationTests]: ClosetoryApplicationTests does not declare any static, non-private, non-final, nested classes annotated with @Configuration.
12:39:37.766 [Test worker] INFO org.springframework.boot.test.context.SpringBootTestContextBootstrapper -- Found @SpringBootConfiguration com.example.closetory.ClosetoryApplication for test class com.example.closetory.ClosetoryApplicationTests

  .   ____          _            __ _ _
 /\\ / ___'_ __ _ _(_)_ __  __ _ \ \ \ \
( ( )\___ | '_ | '_| | '_ \/ _` | \ \ \ \
 \\/  ___)| |_)| | | | | || (_| |  ) ) ) )
  '  |____| .__|_| |_|_| |_\__, | / / / /
 =========|_|==============|___/=/_/_/_/

 :: Spring Boot ::                (v3.5.7)

2025-11-28T12:39:38.346+09:00  INFO 21052 --- [closetory] [    Test worker] c.e.closetory.ClosetoryApplicationTests  : Starting ClosetoryApplicationTests using Java 21.0.6 with PID 21052 (started by user in C:\java1\closetory)
2025-11-28T12:39:38.352+09:00  INFO 21052 --- [closetory] [    Test worker] c.e.closetory.ClosetoryApplicationTests  : No active profile set, falling back to 1 default profile: "default"
2025-11-28T12:39:39.429+09:00  INFO 21052 --- [closetory] [    Test worker] o.s.b.a.w.s.WelcomePageHandlerMapping    : Adding welcome page: class path resource [static/index.html]
2025-11-28T12:39:39.812+09:00  INFO 21052 --- [closetory] [    Test worker] c.e.closetory.ClosetoryApplicationTests  : Started ClosetoryApplicationTests in 1.852 seconds (process running for 3.299)
]]></system-out>
  <system-err><![CDATA[Mockito is currently self-attaching to enable the inline-mock-maker. This will no longer work in future releases of the JDK. Please add Mockito as an agent to your build as described in Mockito's documentation: https://javadoc.io/doc/org.mockito/mockito-core/latest/org.mockito/org/mockito/Mockito.html#0.3
WARNING: A Java agent has been loaded dynamically (C:\Users\user\.gradle\caches\modules-2\files-2.1\net.bytebuddy\byte-buddy-agent\1.17.8\f09415827a71be7ed621c7bd02550678f28bc81c\byte-buddy-agent-1.17.8.jar)
WARNING: If a serviceability tool is in use, please run with -XX:+EnableDynamicAgentLoading to hide this warning
WARNING: If a serviceability tool is not in use, please run with -Djdk.instrument.traceUsage for more information
WARNING: Dynamic loading of agents will be disallowed by default in a future release
]]></system-err>
</testsuite>
